2018-10-07 20:30:51,564 :: DEBUG :: https://lpdaacsvc.cr.usgs.gov/ogc/wms -- 200
2018-10-07 20:30:51,857 :: DEBUG :: https://download.data.grandlyon.com/wms/grandlyon -- 200
2018-10-07 20:30:52,328 :: DEBUG :: https://ahocevar.com/geoserver/wms -- 200
2019-04-05 18:29:45,545 :: DEBUG :: Starting new HTTPS connection (1): lpdaacsvc.cr.usgs.gov
2019-04-05 18:29:46,695 :: DEBUG :: https://lpdaacsvc.cr.usgs.gov:443 "HEAD /ogc/wms?service=wms&request=GetCapabilities&version=1.3.0 HTTP/1.1" 200 0
2019-04-05 18:29:46,705 :: INFO :: https://lpdaacsvc.cr.usgs.gov/ogc/wms -- 200
2019-04-05 18:29:46,718 :: DEBUG :: Starting new HTTPS connection (1): download.data.grandlyon.com
2019-04-05 18:29:47,040 :: DEBUG :: https://download.data.grandlyon.com:443 "HEAD /wms/grandlyon?service=wms&request=GetCapabilities&version=1.3.0 HTTP/1.1" 200 0
2019-04-05 18:29:47,049 :: INFO :: https://download.data.grandlyon.com/wms/grandlyon -- 200
2019-04-05 18:29:47,064 :: DEBUG :: Starting new HTTPS connection (1): ahocevar.com
2019-04-05 18:29:47,413 :: DEBUG :: https://ahocevar.com:443 "HEAD /geoserver/wms?service=wms&request=GetCapabilities&version=1.3.0 HTTP/1.1" 200 0
2019-04-05 18:29:47,426 :: INFO :: https://ahocevar.com/geoserver/wms -- 200
2019-04-05 18:31:19,309 :: DEBUG :: Starting new HTTPS connection (1): lpdaacsvc.cr.usgs.gov
2019-04-05 18:31:20,238 :: DEBUG :: https://lpdaacsvc.cr.usgs.gov:443 "HEAD /ogc/wms?service=wms&request=GetCapabilities&version=1.3.0 HTTP/1.1" 200 0
2019-04-05 18:31:20,248 :: INFO :: https://lpdaacsvc.cr.usgs.gov/ogc/wms -- 200
2019-04-05 18:31:20,258 :: DEBUG :: Starting new HTTPS connection (1): download.data.grandlyon.com
2019-04-05 18:31:20,535 :: DEBUG :: https://download.data.grandlyon.com:443 "HEAD /wms/grandlyon?service=wms&request=GetCapabilities&version=1.3.0 HTTP/1.1" 200 0
2019-04-05 18:31:20,544 :: INFO :: https://download.data.grandlyon.com/wms/grandlyon -- 200
2019-04-05 18:31:20,554 :: DEBUG :: Starting new HTTPS connection (1): ahocevar.com
2019-04-05 18:31:20,849 :: DEBUG :: https://ahocevar.com:443 "HEAD /geoserver/wms?service=wms&request=GetCapabilities&version=1.3.0 HTTP/1.1" 200 0
2019-04-05 18:31:20,861 :: INFO :: https://ahocevar.com/geoserver/wms -- 200
2019-04-05 18:40:41,461 :: DEBUG :: Starting new HTTPS connection (1): lpdaacsvc.cr.usgs.gov
2019-04-05 18:40:42,443 :: DEBUG :: https://lpdaacsvc.cr.usgs.gov:443 "HEAD /ogc/wms?service=wms&request=GetCapabilities&version=1.3.0 HTTP/1.1" 200 0
2019-04-05 18:40:42,451 :: INFO :: https://lpdaacsvc.cr.usgs.gov/ogc/wms -- 200
2019-04-05 18:40:42,481 :: DEBUG :: Starting new HTTPS connection (1): download.data.grandlyon.com
2019-04-05 18:40:42,799 :: DEBUG :: https://download.data.grandlyon.com:443 "HEAD /wms/grandlyon?service=wms&request=GetCapabilities&version=1.3.0 HTTP/1.1" 200 0
2019-04-05 18:40:42,805 :: INFO :: https://download.data.grandlyon.com/wms/grandlyon -- 200
2019-04-05 18:40:42,815 :: DEBUG :: Starting new HTTPS connection (1): ahocevar.com
2019-04-05 18:40:43,133 :: DEBUG :: https://ahocevar.com:443 "HEAD /geoserver/wms?service=wms&request=GetCapabilities&version=1.3.0 HTTP/1.1" 200 0
2019-04-05 18:40:43,141 :: INFO :: https://ahocevar.com/geoserver/wms -- 200
2019-04-05 18:48:59,922 :: DEBUG :: Starting new HTTPS connection (1): lpdaacsvc.cr.usgs.gov
2019-04-05 18:49:01,040 :: DEBUG :: https://lpdaacsvc.cr.usgs.gov:443 "HEAD /ogc/wms?service=wms&request=GetCapabilities&version=1.3.0 HTTP/1.1" 200 0
2019-04-05 18:49:01,049 :: INFO :: https://lpdaacsvc.cr.usgs.gov/ogc/wms -- 200
2019-04-05 18:49:01,060 :: DEBUG :: Starting new HTTPS connection (1): download.data.grandlyon.com
2019-04-05 18:49:01,371 :: DEBUG :: https://download.data.grandlyon.com:443 "HEAD /wms/grandlyon?service=wms&request=GetCapabilities&version=1.3.0 HTTP/1.1" 200 0
2019-04-05 18:49:01,380 :: INFO :: https://download.data.grandlyon.com/wms/grandlyon -- 200
2019-04-05 18:49:01,390 :: DEBUG :: Starting new HTTPS connection (1): ahocevar.com
2019-04-05 18:49:01,726 :: DEBUG :: https://ahocevar.com:443 "HEAD /geoserver/wms?service=wms&request=GetCapabilities&version=1.3.0 HTTP/1.1" 200 0
2019-04-05 18:49:01,735 :: INFO :: https://ahocevar.com/geoserver/wms -- 200
